        -:    0:Source:money.c
        -:    0:Graph:money.gcno
        -:    0:Data:money.gcda
        -:    0:Runs:6
        -:    1:#include <stdlib.h>
        -:    2:#include "money.h"
        -:    3:
        -:    4:struct Money {
        -:    5:	double amount;
        -:    6:	char *currency;
        -:    7:};
        -:    8:
        5:    9:void money_free(Money *m) {
        5:   10:	free(m);
        5:   11:	return;
        -:   12:}
        -:   13:
        5:   14:Money *money_create(double amount, char *currency) {
        -:   15:	Money *m;
        -:   16:
        5:   17:	if (amount < 0)
        2:   18:		return NULL;
        -:   19:
        3:   20:	m = malloc(sizeof(Money));
        3:   21:	if (m == NULL)
    #####:   22:		return NULL;
        -:   23:
        3:   24:	m->amount = amount;
        3:   25:	m->currency = currency;
        -:   26:
        3:   27:	return m;
        -:   28:}
        -:   29:
        3:   30:double money_amount(Money *m) {
        3:   31:	return m->amount;
        -:   32:}
        -:   33:
        1:   34:char *money_currency(Money *m) {
        1:   35:	return m->currency;
        -:   36:}
